<?xml version="1.0" encoding="UTF-8"?>
<testng-results skipped="0" failed="0" ignored="0" total="2" passed="2">
  <reporter-output>
  </reporter-output>
  <suite name="Default suite" duration-ms="2880" started-at="2022-06-23T03:14:39Z" finished-at="2022-06-23T03:14:42Z">
    <groups>
    </groups>
    <test name="Default test" duration-ms="2880" started-at="2022-06-23T03:14:39Z" finished-at="2022-06-23T03:14:42Z">
      <class name="testCases.DeleteOneProduct">
        <test-method status="PASS" signature="deleteOneProduct()[pri:1, instance:testCases.DeleteOneProduct@2890c451]" name="deleteOneProduct" duration-ms="1632" started-at="2022-06-23T03:14:39Z" finished-at="2022-06-23T03:14:41Z">
          <reporter-output>
          </reporter-output>
        </test-method> <!-- deleteOneProduct -->
        <test-method status="PASS" signature="validateProductDeleteDetails()[pri:2, instance:testCases.DeleteOneProduct@2890c451]" name="validateProductDeleteDetails" duration-ms="1226" started-at="2022-06-23T03:14:41Z" finished-at="2022-06-23T03:14:42Z">
          <reporter-output>
          </reporter-output>
        </test-method> <!-- validateProductDeleteDetails -->
      </class> <!-- testCases.DeleteOneProduct -->
    </test> <!-- Default test -->
  </suite> <!-- Default suite -->
</testng-results>
